This file contains any messages produced by compilers while
running configure, to aid debugging if configure makes a mistake.

It was created by cpuminer-opt-gr configure 1.2.4, which was
generated by GNU Autoconf 2.69.  Invocation command line was

  $ ./configure --with-curl

## --------- ##
## Platform. ##
## --------- ##

hostname = james
uname -m = x86_64
uname -r = 5.11.0-40-generic
uname -s = Linux
uname -v = #44~20.04.2-Ubuntu SMP Tue Oct 26 18:07:44 UTC 2021

/usr/bin/uname -p = x86_64
/bin/uname -X     = unknown

/bin/arch              = x86_64
/usr/bin/arch -k       = unknown
/usr/convex/getsysinfo = unknown
/usr/bin/hostinfo      = unknown
/bin/machine           = unknown
/usr/bin/oslevel       = unknown
/bin/universe          = unknown

PATH: /home/dpazzula/.local/bin
PATH: /usr/local/sbin
PATH: /usr/local/bin
PATH: /usr/sbin
PATH: /usr/bin
PATH: /sbin
PATH: /bin
PATH: /usr/games
PATH: /usr/local/games
PATH: /snap/bin


## ----------- ##
## Core tests. ##
## ----------- ##

configure:2395: checking build system type
configure:2409: result: x86_64-pc-linux-gnu
configure:2429: checking host system type
configure:2442: result: x86_64-pc-linux-gnu
configure:2462: checking target system type
configure:2475: result: x86_64-pc-linux-gnu
configure:2523: checking for a BSD-compatible install
configure:2591: result: /usr/bin/install -c
configure:2602: checking whether build environment is sane
configure:2657: result: yes
configure:2806: checking for a thread-safe mkdir -p
configure:2845: result: /usr/bin/mkdir -p
configure:2852: checking for gawk
configure:2882: result: no
configure:2852: checking for mawk
configure:2868: found /usr/bin/mawk
configure:2879: result: mawk
configure:2890: checking whether make sets $(MAKE)
configure:2912: result: yes
configure:2941: checking whether make supports nested variables
configure:2958: result: yes
configure:3086: checking whether to enable maintainer-specific portions of Makefiles
configure:3095: result: no
configure:3113: checking whether make supports the include directive
configure:3128: make -f confmf.GNU && cat confinc.out
this is the am__doit target
configure:3131: $? = 0
configure:3150: result: yes (GNU style)
configure:3220: checking for gcc
configure:3236: found /usr/bin/gcc
configure:3247: result: gcc
configure:3476: checking for C compiler version
configure:3485: gcc --version >&5
gcc (Ubuntu 10.3.0-1ubuntu1~20.04) 10.3.0
Copyright (C) 2020 Free Software Foundation, Inc.
This is free software; see the source for copying conditions.  There is NO
warranty; not even for MERCHANTABILITY or FITNESS FOR A PARTICULAR PURPOSE.

configure:3496: $? = 0
configure:3485: gcc -v >&5
Using built-in specs.
COLLECT_GCC=gcc
COLLECT_LTO_WRAPPER=/usr/lib/gcc/x86_64-linux-gnu/10/lto-wrapper
OFFLOAD_TARGET_NAMES=nvptx-none:amdgcn-amdhsa:hsa
OFFLOAD_TARGET_DEFAULT=1
Target: x86_64-linux-gnu
Configured with: ../src/configure -v --with-pkgversion='Ubuntu 10.3.0-1ubuntu1~20.04' --with-bugurl=file:///usr/share/doc/gcc-10/README.Bugs --enable-languages=c,ada,c++,go,brig,d,fortran,objc,obj-c++,m2 --prefix=/usr --with-gcc-major-version-only --program-suffix=-10 --program-prefix=x86_64-linux-gnu- --enable-shared --enable-linker-build-id --libexecdir=/usr/lib --without-included-gettext --enable-threads=posix --libdir=/usr/lib --enable-nls --enable-bootstrap --enable-clocale=gnu --enable-libstdcxx-debug --enable-libstdcxx-time=yes --with-default-libstdcxx-abi=new --enable-gnu-unique-object --disable-vtable-verify --enable-plugin --enable-default-pie --with-system-zlib --enable-libphobos-checking=release --with-target-system-zlib=auto --enable-objc-gc=auto --enable-multiarch --disable-werror --with-arch-32=i686 --with-abi=m64 --with-multilib-list=m32,m64,mx32 --enable-multilib --with-tune=generic --enable-offload-targets=nvptx-none=/build/gcc-10-S4I5Pr/gcc-10-10.3.0/debian/tmp-nvptx/usr,amdgcn-amdhsa=/build/gcc-10-S4I5Pr/gcc-10-10.3.0/debian/tmp-gcn/usr,hsa --without-cuda-driver --enable-checking=release --build=x86_64-linux-gnu --host=x86_64-linux-gnu --target=x86_64-linux-gnu --with-build-config=bootstrap-lto-lean --enable-link-mutex
Thread model: posix
Supported LTO compression algorithms: zlib zstd
gcc version 10.3.0 (Ubuntu 10.3.0-1ubuntu1~20.04) 
... rest of stderr output deleted ...
configure:3496: $? = 0
configure:3485: gcc -V >&5
gcc: error: unrecognized command-line option '-V'
gcc: fatal error: no input files
compilation terminated.
configure:3496: $? = 1
configure:3485: gcc -qversion >&5
gcc: error: unrecognized command-line option '-qversion'; did you mean '--version'?
gcc: fatal error: no input files
compilation terminated.
configure:3496: $? = 1
configure:3516: checking whether the C compiler works
configure:3538: gcc -O3 -march=native -mtune=native   conftest.c  >&5
configure:3542: $? = 0
configure:3590: result: yes
configure:3593: checking for C compiler default output file name
configure:3595: result: a.out
configure:3601: checking for suffix of executables
configure:3608: gcc -o conftest -O3 -march=native -mtune=native   conftest.c  >&5
configure:3612: $? = 0
configure:3634: result: 
configure:3656: checking whether we are cross compiling
configure:3664: gcc -o conftest -O3 -march=native -mtune=native   conftest.c  >&5
configure:3668: $? = 0
configure:3675: ./conftest
configure:3679: $? = 0
configure:3667: result: no
configure:3672: checking for suffix of object files
configure:3694: gcc -c -O3 -march=native -mtune=native  conftest.c >&5
configure:3698: $? = 0
configure:3719: result: o
configure:3723: checking whether we are using the GNU C compiler
configure:3742: gcc -c -O3 -march=native -mtune=native  conftest.c >&5
configure:3742: $? = 0
configure:3751: result: yes
configure:3760: checking whether gcc accepts -g
configure:3780: gcc -c -g  conftest.c >&5
configure:3780: $? = 0
configure:3821: result: yes
configure:3838: checking for gcc option to accept ISO C89
configure:3901: gcc  -c -O3 -march=native -mtune=native  conftest.c >&5
configure:3901: $? = 0
configure:3914: result: none needed
configure:3939: checking whether gcc understands -c and -o together
configure:3961: gcc -c conftest.c -o conftest2.o
configure:3964: $? = 0
configure:3961: gcc -c conftest.c -o conftest2.o
configure:3964: $? = 0
configure:3976: result: yes
configure:3995: checking dependency style of gcc
configure:4106: result: gcc3
configure:4121: checking for gcc option to accept ISO C99
configure:4270: gcc  -c -O3 -march=native -mtune=native  conftest.c >&5
configure:4270: $? = 0
configure:4283: result: none needed
configure:4304: checking how to run the C preprocessor
configure:4335: gcc -E  conftest.c
configure:4335: $? = 0
configure:4349: gcc -E  conftest.c
conftest.c:11:10: fatal error: ac_nonexistent.h: No such file or directory
   11 | #include <ac_nonexistent.h>
      |          ^~~~~~~~~~~~~~~~~~
compilation terminated.
configure:4349: $? = 1
configure: failed program was:
| /* confdefs.h */
| #define PACKAGE_NAME "cpuminer-opt-gr"
| #define PACKAGE_TARNAME "cpuminer-opt-gr"
| #define PACKAGE_VERSION "1.2.4"
| #define PACKAGE_STRING "cpuminer-opt-gr 1.2.4"
| #define PACKAGE_BUGREPORT ""
| #define PACKAGE_URL ""
| #define PACKAGE "cpuminer-opt-gr"
| #define VERSION "1.2.4"
| /* end confdefs.h.  */
| #include <ac_nonexistent.h>
configure:4374: result: gcc -E
configure:4394: gcc -E  conftest.c
configure:4394: $? = 0
configure:4408: gcc -E  conftest.c
conftest.c:11:10: fatal error: ac_nonexistent.h: No such file or directory
   11 | #include <ac_nonexistent.h>
      |          ^~~~~~~~~~~~~~~~~~
compilation terminated.
configure:4408: $? = 1
configure: failed program was:
| /* confdefs.h */
| #define PACKAGE_NAME "cpuminer-opt-gr"
| #define PACKAGE_TARNAME "cpuminer-opt-gr"
| #define PACKAGE_VERSION "1.2.4"
| #define PACKAGE_STRING "cpuminer-opt-gr 1.2.4"
| #define PACKAGE_BUGREPORT ""
| #define PACKAGE_URL ""
| #define PACKAGE "cpuminer-opt-gr"
| #define VERSION "1.2.4"
| /* end confdefs.h.  */
| #include <ac_nonexistent.h>
configure:4437: checking for grep that handles long lines and -e
configure:4495: result: /usr/bin/grep
configure:4500: checking for egrep
configure:4562: result: /usr/bin/grep -E
configure:4568: checking whether gcc needs -traditional
configure:4602: result: no
configure:4619: checking dependency style of gcc
configure:4728: result: gcc3
configure:4786: checking for ranlib
configure:4802: found /usr/bin/ranlib
configure:4813: result: ranlib
configure:4893: checking for g++
configure:4909: found /usr/bin/g++
configure:4920: result: g++
configure:4947: checking for C++ compiler version
configure:4956: g++ --version >&5
g++ (Ubuntu 10.3.0-1ubuntu1~20.04) 10.3.0
Copyright (C) 2020 Free Software Foundation, Inc.
This is free software; see the source for copying conditions.  There is NO
warranty; not even for MERCHANTABILITY or FITNESS FOR A PARTICULAR PURPOSE.

configure:4967: $? = 0
configure:4956: g++ -v >&5
Using built-in specs.
COLLECT_GCC=g++
COLLECT_LTO_WRAPPER=/usr/lib/gcc/x86_64-linux-gnu/10/lto-wrapper
OFFLOAD_TARGET_NAMES=nvptx-none:amdgcn-amdhsa:hsa
OFFLOAD_TARGET_DEFAULT=1
Target: x86_64-linux-gnu
Configured with: ../src/configure -v --with-pkgversion='Ubuntu 10.3.0-1ubuntu1~20.04' --with-bugurl=file:///usr/share/doc/gcc-10/README.Bugs --enable-languages=c,ada,c++,go,brig,d,fortran,objc,obj-c++,m2 --prefix=/usr --with-gcc-major-version-only --program-suffix=-10 --program-prefix=x86_64-linux-gnu- --enable-shared --enable-linker-build-id --libexecdir=/usr/lib --without-included-gettext --enable-threads=posix --libdir=/usr/lib --enable-nls --enable-bootstrap --enable-clocale=gnu --enable-libstdcxx-debug --enable-libstdcxx-time=yes --with-default-libstdcxx-abi=new --enable-gnu-unique-object --disable-vtable-verify --enable-plugin --enable-default-pie --with-system-zlib --enable-libphobos-checking=release --with-target-system-zlib=auto --enable-objc-gc=auto --enable-multiarch --disable-werror --with-arch-32=i686 --with-abi=m64 --with-multilib-list=m32,m64,mx32 --enable-multilib --with-tune=generic --enable-offload-targets=nvptx-none=/build/gcc-10-S4I5Pr/gcc-10-10.3.0/debian/tmp-nvptx/usr,amdgcn-amdhsa=/build/gcc-10-S4I5Pr/gcc-10-10.3.0/debian/tmp-gcn/usr,hsa --without-cuda-driver --enable-checking=release --build=x86_64-linux-gnu --host=x86_64-linux-gnu --target=x86_64-linux-gnu --with-build-config=bootstrap-lto-lean --enable-link-mutex
Thread model: posix
Supported LTO compression algorithms: zlib zstd
gcc version 10.3.0 (Ubuntu 10.3.0-1ubuntu1~20.04) 
... rest of stderr output deleted ...
configure:4967: $? = 0
configure:4956: g++ -V >&5
g++: error: unrecognized command-line option '-V'
g++: fatal error: no input files
compilation terminated.
configure:4967: $? = 1
configure:4956: g++ -qversion >&5
g++: error: unrecognized command-line option '-qversion'; did you mean '--version'?
g++: fatal error: no input files
compilation terminated.
configure:4967: $? = 1
configure:4971: checking whether we are using the GNU C++ compiler
configure:4990: g++ -c -O3 -march=native -mtune=native -std=c++20 -Wno-ignored-attributes  conftest.cpp >&5
configure:4990: $? = 0
configure:4999: result: yes
configure:5008: checking whether g++ accepts -g
configure:5028: g++ -c -g  conftest.cpp >&5
configure:5028: $? = 0
configure:5069: result: yes
configure:5094: checking dependency style of g++
configure:5205: result: gcc3
configure:5221: checking for ANSI C header files
configure:5241: gcc -c -O3 -march=native -mtune=native  conftest.c >&5
configure:5241: $? = 0
configure:5314: gcc -o conftest -O3 -march=native -mtune=native   conftest.c  >&5
configure:5314: $? = 0
configure:5314: ./conftest
configure:5314: $? = 0
configure:5325: result: yes
configure:5338: checking for sys/types.h
configure:5338: gcc -c -O3 -march=native -mtune=native  conftest.c >&5
configure:5338: $? = 0
configure:5338: result: yes
configure:5338: checking for sys/stat.h
configure:5338: gcc -c -O3 -march=native -mtune=native  conftest.c >&5
configure:5338: $? = 0
configure:5338: result: yes
configure:5338: checking for stdlib.h
configure:5338: gcc -c -O3 -march=native -mtune=native  conftest.c >&5
configure:5338: $? = 0
configure:5338: result: yes
configure:5338: checking for string.h
configure:5338: gcc -c -O3 -march=native -mtune=native  conftest.c >&5
configure:5338: $? = 0
configure:5338: result: yes
configure:5338: checking for memory.h
configure:5338: gcc -c -O3 -march=native -mtune=native  conftest.c >&5
configure:5338: $? = 0
configure:5338: result: yes
configure:5338: checking for strings.h
configure:5338: gcc -c -O3 -march=native -mtune=native  conftest.c >&5
configure:5338: $? = 0
configure:5338: result: yes
configure:5338: checking for inttypes.h
configure:5338: gcc -c -O3 -march=native -mtune=native  conftest.c >&5
configure:5338: $? = 0
configure:5338: result: yes
configure:5338: checking for stdint.h
configure:5338: gcc -c -O3 -march=native -mtune=native  conftest.c >&5
configure:5338: $? = 0
configure:5338: result: yes
configure:5338: checking for unistd.h
configure:5338: gcc -c -O3 -march=native -mtune=native  conftest.c >&5
configure:5338: $? = 0
configure:5338: result: yes
configure:5353: checking sys/endian.h usability
configure:5353: gcc -c -O3 -march=native -mtune=native  conftest.c >&5
conftest.c:54:10: fatal error: sys/endian.h: No such file or directory
   54 | #include <sys/endian.h>
      |          ^~~~~~~~~~~~~~
compilation terminated.
configure:5353: $? = 1
configure: failed program was:
| /* confdefs.h */
| #define PACKAGE_NAME "cpuminer-opt-gr"
| #define PACKAGE_TARNAME "cpuminer-opt-gr"
| #define PACKAGE_VERSION "1.2.4"
| #define PACKAGE_STRING "cpuminer-opt-gr 1.2.4"
| #define PACKAGE_BUGREPORT ""
| #define PACKAGE_URL ""
| #define PACKAGE "cpuminer-opt-gr"
| #define VERSION "1.2.4"
| #define STDC_HEADERS 1
| #define HAVE_SYS_TYPES_H 1
| #define HAVE_SYS_STAT_H 1
| #define HAVE_STDLIB_H 1
| #define HAVE_STRING_H 1
| #define HAVE_MEMORY_H 1
| #define HAVE_STRINGS_H 1
| #define HAVE_INTTYPES_H 1
| #define HAVE_STDINT_H 1
| #define HAVE_UNISTD_H 1
| /* end confdefs.h.  */
| #include <stdio.h>
| #ifdef HAVE_SYS_TYPES_H
| # include <sys/types.h>
| #endif
| #ifdef HAVE_SYS_STAT_H
| # include <sys/stat.h>
| #endif
| #ifdef STDC_HEADERS
| # include <stdlib.h>
| # include <stddef.h>
| #else
| # ifdef HAVE_STDLIB_H
| #  include <stdlib.h>
| # endif
| #endif
| #ifdef HAVE_STRING_H
| # if !defined STDC_HEADERS && defined HAVE_MEMORY_H
| #  include <memory.h>
| # endif
| # include <string.h>
| #endif
| #ifdef HAVE_STRINGS_H
| # include <strings.h>
| #endif
| #ifdef HAVE_INTTYPES_H
| # include <inttypes.h>
| #endif
| #ifdef HAVE_STDINT_H
| # include <stdint.h>
| #endif
| #ifdef HAVE_UNISTD_H
| # include <unistd.h>
| #endif
| #include <sys/endian.h>
configure:5353: result: no
configure:5353: checking sys/endian.h presence
configure:5353: gcc -E  conftest.c
conftest.c:21:10: fatal error: sys/endian.h: No such file or directory
   21 | #include <sys/endian.h>
      |          ^~~~~~~~~~~~~~
compilation terminated.
configure:5353: $? = 1
configure: failed program was:
| /* confdefs.h */
| #define PACKAGE_NAME "cpuminer-opt-gr"
| #define PACKAGE_TARNAME "cpuminer-opt-gr"
| #define PACKAGE_VERSION "1.2.4"
| #define PACKAGE_STRING "cpuminer-opt-gr 1.2.4"
| #define PACKAGE_BUGREPORT ""
| #define PACKAGE_URL ""
| #define PACKAGE "cpuminer-opt-gr"
| #define VERSION "1.2.4"
| #define STDC_HEADERS 1
| #define HAVE_SYS_TYPES_H 1
| #define HAVE_SYS_STAT_H 1
| #define HAVE_STDLIB_H 1
| #define HAVE_STRING_H 1
| #define HAVE_MEMORY_H 1
| #define HAVE_STRINGS_H 1
| #define HAVE_INTTYPES_H 1
| #define HAVE_STDINT_H 1
| #define HAVE_UNISTD_H 1
| /* end confdefs.h.  */
| #include <sys/endian.h>
configure:5353: result: no
configure:5353: checking for sys/endian.h
configure:5353: result: no
configure:5353: checking sys/param.h usability
configure:5353: gcc -c -O3 -march=native -mtune=native  conftest.c >&5
configure:5353: $? = 0
configure:5353: result: yes
configure:5353: checking sys/param.h presence
configure:5353: gcc -E  conftest.c
configure:5353: $? = 0
configure:5353: result: yes
configure:5353: checking for sys/param.h
configure:5353: result: yes
configure:5353: checking syslog.h usability
configure:5353: gcc -c -O3 -march=native -mtune=native  conftest.c >&5
configure:5353: $? = 0
configure:5353: result: yes
configure:5353: checking syslog.h presence
configure:5353: gcc -E  conftest.c
configure:5353: $? = 0
configure:5353: result: yes
configure:5353: checking for syslog.h
configure:5353: result: yes
configure:5367: checking for sys/sysctl.h
configure:5367: gcc -c -O3 -march=native -mtune=native  conftest.c >&5
In file included from conftest.c:29:
/usr/include/x86_64-linux-gnu/sys/sysctl.h:21:2: warning: #warning "The <sys/sysctl.h> header is deprecated and will be removed." [-Wcpp]
   21 | #warning "The <sys/sysctl.h> header is deprecated and will be removed."
      |  ^~~~~~~
configure:5367: $? = 0
configure:5367: result: yes
configure:5383: checking whether be32dec is declared
configure:5383: gcc -c -O3 -march=native -mtune=native  conftest.c >&5
conftest.c: In function 'main':
conftest.c:69:10: error: 'be32dec' undeclared (first use in this function)
   69 |   (void) be32dec;
      |          ^~~~~~~
conftest.c:69:10: note: each undeclared identifier is reported only once for each function it appears in
configure:5383: $? = 1
configure: failed program was:
| /* confdefs.h */
| #define PACKAGE_NAME "cpuminer-opt-gr"
| #define PACKAGE_TARNAME "cpuminer-opt-gr"
| #define PACKAGE_VERSION "1.2.4"
| #define PACKAGE_STRING "cpuminer-opt-gr 1.2.4"
| #define PACKAGE_BUGREPORT ""
| #define PACKAGE_URL ""
| #define PACKAGE "cpuminer-opt-gr"
| #define VERSION "1.2.4"
| #define STDC_HEADERS 1
| #define HAVE_SYS_TYPES_H 1
| #define HAVE_SYS_STAT_H 1
| #define HAVE_STDLIB_H 1
| #define HAVE_STRING_H 1
| #define HAVE_MEMORY_H 1
| #define HAVE_STRINGS_H 1
| #define HAVE_INTTYPES_H 1
| #define HAVE_STDINT_H 1
| #define HAVE_UNISTD_H 1
| #define HAVE_SYS_PARAM_H 1
| #define HAVE_SYSLOG_H 1
| #define HAVE_SYS_SYSCTL_H 1
| /* end confdefs.h.  */
| #include <stdio.h>
| #ifdef HAVE_SYS_TYPES_H
| # include <sys/types.h>
| #endif
| #ifdef HAVE_SYS_STAT_H
| # include <sys/stat.h>
| #endif
| #ifdef STDC_HEADERS
| # include <stdlib.h>
| # include <stddef.h>
| #else
| # ifdef HAVE_STDLIB_H
| #  include <stdlib.h>
| # endif
| #endif
| #ifdef HAVE_STRING_H
| # if !defined STDC_HEADERS && defined HAVE_MEMORY_H
| #  include <memory.h>
| # endif
| # include <string.h>
| #endif
| #ifdef HAVE_STRINGS_H
| # include <strings.h>
| #endif
| #ifdef HAVE_INTTYPES_H
| # include <inttypes.h>
| #endif
| #ifdef HAVE_STDINT_H
| # include <stdint.h>
| #endif
| #ifdef HAVE_UNISTD_H
| # include <unistd.h>
| #endif
| #ifdef HAVE_SYS_ENDIAN_H
| #include <sys/endian.h>
| #endif
| 
| 
| int
| main ()
| {
| #ifndef be32dec
| #ifdef __cplusplus
|   (void) be32dec;
| #else
|   (void) be32dec;
| #endif
| #endif
| 
|   ;
|   return 0;
| }
configure:5383: result: no
configure:5398: checking whether le32dec is declared
configure:5398: gcc -c -O3 -march=native -mtune=native  conftest.c >&5
conftest.c: In function 'main':
conftest.c:70:10: error: 'le32dec' undeclared (first use in this function)
   70 |   (void) le32dec;
      |          ^~~~~~~
conftest.c:70:10: note: each undeclared identifier is reported only once for each function it appears in
configure:5398: $? = 1
configure: failed program was:
| /* confdefs.h */
| #define PACKAGE_NAME "cpuminer-opt-gr"
| #define PACKAGE_TARNAME "cpuminer-opt-gr"
| #define PACKAGE_VERSION "1.2.4"
| #define PACKAGE_STRING "cpuminer-opt-gr 1.2.4"
| #define PACKAGE_BUGREPORT ""
| #define PACKAGE_URL ""
| #define PACKAGE "cpuminer-opt-gr"
| #define VERSION "1.2.4"
| #define STDC_HEADERS 1
| #define HAVE_SYS_TYPES_H 1
| #define HAVE_SYS_STAT_H 1
| #define HAVE_STDLIB_H 1
| #define HAVE_STRING_H 1
| #define HAVE_MEMORY_H 1
| #define HAVE_STRINGS_H 1
| #define HAVE_INTTYPES_H 1
| #define HAVE_STDINT_H 1
| #define HAVE_UNISTD_H 1
| #define HAVE_SYS_PARAM_H 1
| #define HAVE_SYSLOG_H 1
| #define HAVE_SYS_SYSCTL_H 1
| #define HAVE_DECL_BE32DEC 0
| /* end confdefs.h.  */
| #include <stdio.h>
| #ifdef HAVE_SYS_TYPES_H
| # include <sys/types.h>
| #endif
| #ifdef HAVE_SYS_STAT_H
| # include <sys/stat.h>
| #endif
| #ifdef STDC_HEADERS
| # include <stdlib.h>
| # include <stddef.h>
| #else
| # ifdef HAVE_STDLIB_H
| #  include <stdlib.h>
| # endif
| #endif
| #ifdef HAVE_STRING_H
| # if !defined STDC_HEADERS && defined HAVE_MEMORY_H
| #  include <memory.h>
| # endif
| # include <string.h>
| #endif
| #ifdef HAVE_STRINGS_H
| # include <strings.h>
| #endif
| #ifdef HAVE_INTTYPES_H
| # include <inttypes.h>
| #endif
| #ifdef HAVE_STDINT_H
| # include <stdint.h>
| #endif
| #ifdef HAVE_UNISTD_H
| # include <unistd.h>
| #endif
| #ifdef HAVE_SYS_ENDIAN_H
| #include <sys/endian.h>
| #endif
| 
| 
| int
| main ()
| {
| #ifndef le32dec
| #ifdef __cplusplus
|   (void) le32dec;
| #else
|   (void) le32dec;
| #endif
| #endif
| 
|   ;
|   return 0;
| }
configure:5398: result: no
configure:5413: checking whether be32enc is declared
configure:5413: gcc -c -O3 -march=native -mtune=native  conftest.c >&5
conftest.c: In function 'main':
conftest.c:71:10: error: 'be32enc' undeclared (first use in this function)
   71 |   (void) be32enc;
      |          ^~~~~~~
conftest.c:71:10: note: each undeclared identifier is reported only once for each function it appears in
configure:5413: $? = 1
configure: failed program was:
| /* confdefs.h */
| #define PACKAGE_NAME "cpuminer-opt-gr"
| #define PACKAGE_TARNAME "cpuminer-opt-gr"
| #define PACKAGE_VERSION "1.2.4"
| #define PACKAGE_STRING "cpuminer-opt-gr 1.2.4"
| #define PACKAGE_BUGREPORT ""
| #define PACKAGE_URL ""
| #define PACKAGE "cpuminer-opt-gr"
| #define VERSION "1.2.4"
| #define STDC_HEADERS 1
| #define HAVE_SYS_TYPES_H 1
| #define HAVE_SYS_STAT_H 1
| #define HAVE_STDLIB_H 1
| #define HAVE_STRING_H 1
| #define HAVE_MEMORY_H 1
| #define HAVE_STRINGS_H 1
| #define HAVE_INTTYPES_H 1
| #define HAVE_STDINT_H 1
| #define HAVE_UNISTD_H 1
| #define HAVE_SYS_PARAM_H 1
| #define HAVE_SYSLOG_H 1
| #define HAVE_SYS_SYSCTL_H 1
| #define HAVE_DECL_BE32DEC 0
| #define HAVE_DECL_LE32DEC 0
| /* end confdefs.h.  */
| #include <stdio.h>
| #ifdef HAVE_SYS_TYPES_H
| # include <sys/types.h>
| #endif
| #ifdef HAVE_SYS_STAT_H
| # include <sys/stat.h>
| #endif
| #ifdef STDC_HEADERS
| # include <stdlib.h>
| # include <stddef.h>
| #else
| # ifdef HAVE_STDLIB_H
| #  include <stdlib.h>
| # endif
| #endif
| #ifdef HAVE_STRING_H
| # if !defined STDC_HEADERS && defined HAVE_MEMORY_H
| #  include <memory.h>
| # endif
| # include <string.h>
| #endif
| #ifdef HAVE_STRINGS_H
| # include <strings.h>
| #endif
| #ifdef HAVE_INTTYPES_H
| # include <inttypes.h>
| #endif
| #ifdef HAVE_STDINT_H
| # include <stdint.h>
| #endif
| #ifdef HAVE_UNISTD_H
| # include <unistd.h>
| #endif
| #ifdef HAVE_SYS_ENDIAN_H
| #include <sys/endian.h>
| #endif
| 
| 
| int
| main ()
| {
| #ifndef be32enc
| #ifdef __cplusplus
|   (void) be32enc;
| #else
|   (void) be32enc;
| #endif
| #endif
| 
|   ;
|   return 0;
| }
configure:5413: result: no
configure:5428: checking whether le32enc is declared
configure:5428: gcc -c -O3 -march=native -mtune=native  conftest.c >&5
conftest.c: In function 'main':
conftest.c:72:10: error: 'le32enc' undeclared (first use in this function)
   72 |   (void) le32enc;
      |          ^~~~~~~
conftest.c:72:10: note: each undeclared identifier is reported only once for each function it appears in
configure:5428: $? = 1
configure: failed program was:
| /* confdefs.h */
| #define PACKAGE_NAME "cpuminer-opt-gr"
| #define PACKAGE_TARNAME "cpuminer-opt-gr"
| #define PACKAGE_VERSION "1.2.4"
| #define PACKAGE_STRING "cpuminer-opt-gr 1.2.4"
| #define PACKAGE_BUGREPORT ""
| #define PACKAGE_URL ""
| #define PACKAGE "cpuminer-opt-gr"
| #define VERSION "1.2.4"
| #define STDC_HEADERS 1
| #define HAVE_SYS_TYPES_H 1
| #define HAVE_SYS_STAT_H 1
| #define HAVE_STDLIB_H 1
| #define HAVE_STRING_H 1
| #define HAVE_MEMORY_H 1
| #define HAVE_STRINGS_H 1
| #define HAVE_INTTYPES_H 1
| #define HAVE_STDINT_H 1
| #define HAVE_UNISTD_H 1
| #define HAVE_SYS_PARAM_H 1
| #define HAVE_SYSLOG_H 1
| #define HAVE_SYS_SYSCTL_H 1
| #define HAVE_DECL_BE32DEC 0
| #define HAVE_DECL_LE32DEC 0
| #define HAVE_DECL_BE32ENC 0
| /* end confdefs.h.  */
| #include <stdio.h>
| #ifdef HAVE_SYS_TYPES_H
| # include <sys/types.h>
| #endif
| #ifdef HAVE_SYS_STAT_H
| # include <sys/stat.h>
| #endif
| #ifdef STDC_HEADERS
| # include <stdlib.h>
| # include <stddef.h>
| #else
| # ifdef HAVE_STDLIB_H
| #  include <stdlib.h>
| # endif
| #endif
| #ifdef HAVE_STRING_H
| # if !defined STDC_HEADERS && defined HAVE_MEMORY_H
| #  include <memory.h>
| # endif
| # include <string.h>
| #endif
| #ifdef HAVE_STRINGS_H
| # include <strings.h>
| #endif
| #ifdef HAVE_INTTYPES_H
| # include <inttypes.h>
| #endif
| #ifdef HAVE_STDINT_H
| # include <stdint.h>
| #endif
| #ifdef HAVE_UNISTD_H
| # include <unistd.h>
| #endif
| #ifdef HAVE_SYS_ENDIAN_H
| #include <sys/endian.h>
| #endif
| 
| 
| int
| main ()
| {
| #ifndef le32enc
| #ifdef __cplusplus
|   (void) le32enc;
| #else
|   (void) le32enc;
| #endif
| #endif
| 
|   ;
|   return 0;
| }
configure:5428: result: no
configure:5443: checking whether le16dec is declared
configure:5443: gcc -c -O3 -march=native -mtune=native  conftest.c >&5
conftest.c: In function 'main':
conftest.c:73:10: error: 'le16dec' undeclared (first use in this function)
   73 |   (void) le16dec;
      |          ^~~~~~~
conftest.c:73:10: note: each undeclared identifier is reported only once for each function it appears in
configure:5443: $? = 1
configure: failed program was:
| /* confdefs.h */
| #define PACKAGE_NAME "cpuminer-opt-gr"
| #define PACKAGE_TARNAME "cpuminer-opt-gr"
| #define PACKAGE_VERSION "1.2.4"
| #define PACKAGE_STRING "cpuminer-opt-gr 1.2.4"
| #define PACKAGE_BUGREPORT ""
| #define PACKAGE_URL ""
| #define PACKAGE "cpuminer-opt-gr"
| #define VERSION "1.2.4"
| #define STDC_HEADERS 1
| #define HAVE_SYS_TYPES_H 1
| #define HAVE_SYS_STAT_H 1
| #define HAVE_STDLIB_H 1
| #define HAVE_STRING_H 1
| #define HAVE_MEMORY_H 1
| #define HAVE_STRINGS_H 1
| #define HAVE_INTTYPES_H 1
| #define HAVE_STDINT_H 1
| #define HAVE_UNISTD_H 1
| #define HAVE_SYS_PARAM_H 1
| #define HAVE_SYSLOG_H 1
| #define HAVE_SYS_SYSCTL_H 1
| #define HAVE_DECL_BE32DEC 0
| #define HAVE_DECL_LE32DEC 0
| #define HAVE_DECL_BE32ENC 0
| #define HAVE_DECL_LE32ENC 0
| /* end confdefs.h.  */
| #include <stdio.h>
| #ifdef HAVE_SYS_TYPES_H
| # include <sys/types.h>
| #endif
| #ifdef HAVE_SYS_STAT_H
| # include <sys/stat.h>
| #endif
| #ifdef STDC_HEADERS
| # include <stdlib.h>
| # include <stddef.h>
| #else
| # ifdef HAVE_STDLIB_H
| #  include <stdlib.h>
| # endif
| #endif
| #ifdef HAVE_STRING_H
| # if !defined STDC_HEADERS && defined HAVE_MEMORY_H
| #  include <memory.h>
| # endif
| # include <string.h>
| #endif
| #ifdef HAVE_STRINGS_H
| # include <strings.h>
| #endif
| #ifdef HAVE_INTTYPES_H
| # include <inttypes.h>
| #endif
| #ifdef HAVE_STDINT_H
| # include <stdint.h>
| #endif
| #ifdef HAVE_UNISTD_H
| # include <unistd.h>
| #endif
| #ifdef HAVE_SYS_ENDIAN_H
| #include <sys/endian.h>
| #endif
| 
| 
| int
| main ()
| {
| #ifndef le16dec
| #ifdef __cplusplus
|   (void) le16dec;
| #else
|   (void) le16dec;
| #endif
| #endif
| 
|   ;
|   return 0;
| }
configure:5443: result: no
configure:5458: checking whether le16enc is declared
configure:5458: gcc -c -O3 -march=native -mtune=native  conftest.c >&5
conftest.c: In function 'main':
conftest.c:74:10: error: 'le16enc' undeclared (first use in this function)
   74 |   (void) le16enc;
      |          ^~~~~~~
conftest.c:74:10: note: each undeclared identifier is reported only once for each function it appears in
configure:5458: $? = 1
configure: failed program was:
| /* confdefs.h */
| #define PACKAGE_NAME "cpuminer-opt-gr"
| #define PACKAGE_TARNAME "cpuminer-opt-gr"
| #define PACKAGE_VERSION "1.2.4"
| #define PACKAGE_STRING "cpuminer-opt-gr 1.2.4"
| #define PACKAGE_BUGREPORT ""
| #define PACKAGE_URL ""
| #define PACKAGE "cpuminer-opt-gr"
| #define VERSION "1.2.4"
| #define STDC_HEADERS 1
| #define HAVE_SYS_TYPES_H 1
| #define HAVE_SYS_STAT_H 1
| #define HAVE_STDLIB_H 1
| #define HAVE_STRING_H 1
| #define HAVE_MEMORY_H 1
| #define HAVE_STRINGS_H 1
| #define HAVE_INTTYPES_H 1
| #define HAVE_STDINT_H 1
| #define HAVE_UNISTD_H 1
| #define HAVE_SYS_PARAM_H 1
| #define HAVE_SYSLOG_H 1
| #define HAVE_SYS_SYSCTL_H 1
| #define HAVE_DECL_BE32DEC 0
| #define HAVE_DECL_LE32DEC 0
| #define HAVE_DECL_BE32ENC 0
| #define HAVE_DECL_LE32ENC 0
| #define HAVE_DECL_LE16DEC 0
| /* end confdefs.h.  */
| #include <stdio.h>
| #ifdef HAVE_SYS_TYPES_H
| # include <sys/types.h>
| #endif
| #ifdef HAVE_SYS_STAT_H
| # include <sys/stat.h>
| #endif
| #ifdef STDC_HEADERS
| # include <stdlib.h>
| # include <stddef.h>
| #else
| # ifdef HAVE_STDLIB_H
| #  include <stdlib.h>
| # endif
| #endif
| #ifdef HAVE_STRING_H
| # if !defined STDC_HEADERS && defined HAVE_MEMORY_H
| #  include <memory.h>
| # endif
| # include <string.h>
| #endif
| #ifdef HAVE_STRINGS_H
| # include <strings.h>
| #endif
| #ifdef HAVE_INTTYPES_H
| # include <inttypes.h>
| #endif
| #ifdef HAVE_STDINT_H
| # include <stdint.h>
| #endif
| #ifdef HAVE_UNISTD_H
| # include <unistd.h>
| #endif
| #ifdef HAVE_SYS_ENDIAN_H
| #include <sys/endian.h>
| #endif
| 
| 
| int
| main ()
| {
| #ifndef le16enc
| #ifdef __cplusplus
|   (void) le16enc;
| #else
|   (void) le16enc;
| #endif
| #endif
| 
|   ;
|   return 0;
| }
configure:5458: result: no
configure:5475: checking for size_t
configure:5475: gcc -c -O3 -march=native -mtune=native  conftest.c >&5
configure:5475: $? = 0
configure:5475: gcc -c -O3 -march=native -mtune=native  conftest.c >&5
conftest.c: In function 'main':
conftest.c:66:21: error: expected expression before ')' token
   66 | if (sizeof ((size_t)))
      |                     ^
configure:5475: $? = 1
configure: failed program was:
| /* confdefs.h */
| #define PACKAGE_NAME "cpuminer-opt-gr"
| #define PACKAGE_TARNAME "cpuminer-opt-gr"
| #define PACKAGE_VERSION "1.2.4"
| #define PACKAGE_STRING "cpuminer-opt-gr 1.2.4"
| #define PACKAGE_BUGREPORT ""
| #define PACKAGE_URL ""
| #define PACKAGE "cpuminer-opt-gr"
| #define VERSION "1.2.4"
| #define STDC_HEADERS 1
| #define HAVE_SYS_TYPES_H 1
| #define HAVE_SYS_STAT_H 1
| #define HAVE_STDLIB_H 1
| #define HAVE_STRING_H 1
| #define HAVE_MEMORY_H 1
| #define HAVE_STRINGS_H 1
| #define HAVE_INTTYPES_H 1
| #define HAVE_STDINT_H 1
| #define HAVE_UNISTD_H 1
| #define HAVE_SYS_PARAM_H 1
| #define HAVE_SYSLOG_H 1
| #define HAVE_SYS_SYSCTL_H 1
| #define HAVE_DECL_BE32DEC 0
| #define HAVE_DECL_LE32DEC 0
| #define HAVE_DECL_BE32ENC 0
| #define HAVE_DECL_LE32ENC 0
| #define HAVE_DECL_LE16DEC 0
| #define HAVE_DECL_LE16ENC 0
| /* end confdefs.h.  */
| #include <stdio.h>
| #ifdef HAVE_SYS_TYPES_H
| # include <sys/types.h>
| #endif
| #ifdef HAVE_SYS_STAT_H
| # include <sys/stat.h>
| #endif
| #ifdef STDC_HEADERS
| # include <stdlib.h>
| # include <stddef.h>
| #else
| # ifdef HAVE_STDLIB_H
| #  include <stdlib.h>
| # endif
| #endif
| #ifdef HAVE_STRING_H
| # if !defined STDC_HEADERS && defined HAVE_MEMORY_H
| #  include <memory.h>
| # endif
| # include <string.h>
| #endif
| #ifdef HAVE_STRINGS_H
| # include <strings.h>
| #endif
| #ifdef HAVE_INTTYPES_H
| # include <inttypes.h>
| #endif
| #ifdef HAVE_STDINT_H
| # include <stdint.h>
| #endif
| #ifdef HAVE_UNISTD_H
| # include <unistd.h>
| #endif
| int
| main ()
| {
| if (sizeof ((size_t)))
| 	    return 0;
|   ;
|   return 0;
| }
configure:5475: result: yes
configure:5488: checking for working alloca.h
configure:5505: gcc -o conftest -O3 -march=native -mtune=native   conftest.c  >&5
configure:5505: $? = 0
configure:5513: result: yes
configure:5521: checking for alloca
configure:5558: gcc -o conftest -O3 -march=native -mtune=native   conftest.c  >&5
configure:5558: $? = 0
configure:5566: result: yes
configure:5674: checking for getopt_long
configure:5674: gcc -o conftest -O3 -march=native -mtune=native   conftest.c  >&5
configure:5674: $? = 0
configure:5674: result: yes
configure:5725: checking whether we can compile AVX code
configure:5738: gcc -c -O3 -march=native -mtune=native  conftest.c >&5
configure:5738: $? = 0
configure:5742: result: yes
configure:5744: checking whether we can compile XOP code
configure:5757: gcc -c -O3 -march=native -mtune=native  conftest.c >&5
configure:5757: $? = 0
configure:5761: result: yes
configure:5772: checking whether we can compile AVX2 code
configure:5785: gcc -c -O3 -march=native -mtune=native  conftest.c >&5
configure:5785: $? = 0
configure:5789: result: yes
configure:5811: checking for json_loads in -ljansson
configure:5836: gcc -o conftest -O3 -march=native -mtune=native   conftest.c -ljansson   >&5
configure:5836: $? = 0
configure:5845: result: yes
configure:5898: checking for pthread_create in -lpthread
configure:5923: gcc -o conftest -O3 -march=native -mtune=native   conftest.c -lpthread   >&5
configure:5923: $? = 0
configure:5932: result: yes
configure:5945: checking for numa_max_node in -lnuma
configure:5970: gcc -o conftest -O3 -march=native -mtune=native    conftest.c -lnuma   >&5
configure:5970: $? = 0
configure:5979: result: yes
configure:5987: checking whether __uint128_t is supported
configure:6000: gcc -c -O3 -march=native -mtune=native  conftest.c >&5
configure:6000: $? = 0
configure:6004: result: yes
configure:6238: checking that generated files are newer than configure
configure:6244: result: done
configure:6307: creating ./config.status

## ---------------------- ##
## Running config.status. ##
## ---------------------- ##

This file was extended by cpuminer-opt-gr config.status 1.2.4, which was
generated by GNU Autoconf 2.69.  Invocation command line was

  CONFIG_FILES    = 
  CONFIG_HEADERS  = 
  CONFIG_LINKS    = 
  CONFIG_COMMANDS = 
  $ ./config.status 

on james

config.status:918: creating Makefile
config.status:918: creating compat/Makefile
config.status:918: creating compat/jansson/Makefile
config.status:918: creating cpuminer-config.h
config.status:1147: executing depfiles commands
config.status:1224: cd .       && sed -e '/# am--include-marker/d' Makefile         | make -f - am--depfiles
config.status:1229: $? = 0
config.status:1224: cd compat/jansson       && sed -e '/# am--include-marker/d' Makefile         | make -f - am--depfiles
config.status:1229: $? = 0

## ---------------- ##
## Cache variables. ##
## ---------------- ##

ac_cv_build=x86_64-pc-linux-gnu
ac_cv_c_compiler_gnu=yes
ac_cv_cxx_compiler_gnu=yes
ac_cv_env_CCASFLAGS_set=
ac_cv_env_CCASFLAGS_value=
ac_cv_env_CCAS_set=
ac_cv_env_CCAS_value=
ac_cv_env_CCC_set=
ac_cv_env_CCC_value=
ac_cv_env_CC_set=
ac_cv_env_CC_value=
ac_cv_env_CFLAGS_set=set
ac_cv_env_CFLAGS_value='-O3 -march=native -mtune=native'
ac_cv_env_CPPFLAGS_set=
ac_cv_env_CPPFLAGS_value=
ac_cv_env_CPP_set=
ac_cv_env_CPP_value=
ac_cv_env_CXXFLAGS_set=set
ac_cv_env_CXXFLAGS_value='-O3 -march=native -mtune=native -std=c++20 -Wno-ignored-attributes'
ac_cv_env_CXX_set=
ac_cv_env_CXX_value=
ac_cv_env_LDFLAGS_set=
ac_cv_env_LDFLAGS_value=
ac_cv_env_LIBS_set=
ac_cv_env_LIBS_value=
ac_cv_env_build_alias_set=
ac_cv_env_build_alias_value=
ac_cv_env_host_alias_set=
ac_cv_env_host_alias_value=
ac_cv_env_target_alias_set=
ac_cv_env_target_alias_value=
ac_cv_func_alloca_works=yes
ac_cv_func_getopt_long=yes
ac_cv_have_decl_be32dec=no
ac_cv_have_decl_be32enc=no
ac_cv_have_decl_le16dec=no
ac_cv_have_decl_le16enc=no
ac_cv_have_decl_le32dec=no
ac_cv_have_decl_le32enc=no
ac_cv_header_inttypes_h=yes
ac_cv_header_memory_h=yes
ac_cv_header_stdc=yes
ac_cv_header_stdint_h=yes
ac_cv_header_stdlib_h=yes
ac_cv_header_string_h=yes
ac_cv_header_strings_h=yes
ac_cv_header_sys_endian_h=no
ac_cv_header_sys_param_h=yes
ac_cv_header_sys_stat_h=yes
ac_cv_header_sys_sysctl_h=yes
ac_cv_header_sys_types_h=yes
ac_cv_header_syslog_h=yes
ac_cv_header_unistd_h=yes
ac_cv_host=x86_64-pc-linux-gnu
ac_cv_lib_jansson_json_loads=yes
ac_cv_lib_numa_numa_max_node=yes
ac_cv_lib_pthread_pthread_create=yes
ac_cv_objext=o
ac_cv_path_EGREP='/usr/bin/grep -E'
ac_cv_path_GREP=/usr/bin/grep
ac_cv_path_install='/usr/bin/install -c'
ac_cv_path_mkdir=/usr/bin/mkdir
ac_cv_prog_AWK=mawk
ac_cv_prog_CPP='gcc -E'
ac_cv_prog_ac_ct_CC=gcc
ac_cv_prog_ac_ct_CXX=g++
ac_cv_prog_ac_ct_RANLIB=ranlib
ac_cv_prog_cc_c89=
ac_cv_prog_cc_c99=
ac_cv_prog_cc_g=yes
ac_cv_prog_cxx_g=yes
ac_cv_prog_gcc_traditional=no
ac_cv_prog_make_make_set=yes
ac_cv_target=x86_64-pc-linux-gnu
ac_cv_type_size_t=yes
ac_cv_working_alloca_h=yes
am_cv_CCAS_dependencies_compiler_type=gcc3
am_cv_CC_dependencies_compiler_type=gcc3
am_cv_CXX_dependencies_compiler_type=gcc3
am_cv_make_support_nested_variables=yes
am_cv_prog_cc_c_o=yes

## ----------------- ##
## Output variables. ##
## ----------------- ##

ACLOCAL='${SHELL} /mining/gr/cpuminer-gr-avx2/missing aclocal-1.16'
ALLOCA=''
AMDEPBACKSLASH='\'
AMDEP_FALSE='#'
AMDEP_TRUE=''
AMTAR='$${TAR-tar}'
AM_BACKSLASH='\'
AM_DEFAULT_V='$(AM_DEFAULT_VERBOSITY)'
AM_DEFAULT_VERBOSITY='1'
AM_V='$(V)'
ARCH_ARM_FALSE=''
ARCH_ARM_TRUE='#'
ARCH_x86_64_FALSE='#'
ARCH_x86_64_TRUE=''
ARCH_x86_FALSE=''
ARCH_x86_TRUE='#'
AUTOCONF='${SHELL} /mining/gr/cpuminer-gr-avx2/missing autoconf'
AUTOHEADER='${SHELL} /mining/gr/cpuminer-gr-avx2/missing autoheader'
AUTOMAKE='${SHELL} /mining/gr/cpuminer-gr-avx2/missing automake-1.16'
AWK='mawk'
CC='gcc'
CCAS='gcc'
CCASDEPMODE='depmode=gcc3'
CCASFLAGS='-O3 -march=native -mtune=native'
CCDEPMODE='depmode=gcc3'
CFLAGS='-O3 -march=native -mtune=native  -Iyes/include'
CPP='gcc -E'
CPPFLAGS='  -Iyes/include'
CXX='g++'
CXXDEPMODE='depmode=gcc3'
CXXFLAGS='-O3 -march=native -mtune=native -std=c++20 -Wno-ignored-attributes'
CYGPATH_W='echo'
DEFS='-DHAVE_CONFIG_H'
DEPDIR='.deps'
ECHO_C=''
ECHO_N='-n'
ECHO_T=''
EGREP='/usr/bin/grep -E'
EXEEXT=''
GREP='/usr/bin/grep'
HAVE_WINDOWS_FALSE=''
HAVE_WINDOWS_TRUE='#'
INSTALL_DATA='${INSTALL} -m 644'
INSTALL_PROGRAM='${INSTALL}'
INSTALL_SCRIPT='${INSTALL}'
INSTALL_STRIP_PROGRAM='$(install_sh) -c -s'
JANSSON_LIBS='-ljansson'
LDFLAGS='  -Lyes/lib '
LIBCURL='-lcurl -lz'
LIBCURL_CFLAGS=' -Iyes/include'
LIBCURL_CPPFLAGS=' -Iyes/include'
LIBOBJS=''
LIBS=''
LTLIBOBJS=''
MAINT='#'
MAINTAINER_MODE_FALSE=''
MAINTAINER_MODE_TRUE='#'
MAKEINFO='${SHELL} /mining/gr/cpuminer-gr-avx2/missing makeinfo'
MINGW_FALSE=''
MINGW_TRUE='#'
MKDIR_P='/usr/bin/mkdir -p'
NUMA_LIBS='-lnuma'
OBJEXT='o'
PACKAGE='cpuminer-opt-gr'
PACKAGE_BUGREPORT=''
PACKAGE_NAME='cpuminer-opt-gr'
PACKAGE_STRING='cpuminer-opt-gr 1.2.4'
PACKAGE_TARNAME='cpuminer-opt-gr'
PACKAGE_URL=''
PACKAGE_VERSION='1.2.4'
PATH_SEPARATOR=':'
PTHREAD_FLAGS=''
PTHREAD_LIBS='-lpthread'
RANLIB='ranlib'
SET_MAKE=''
SHELL='/bin/bash'
STRIP=''
USE_ASM_FALSE='#'
USE_ASM_TRUE=''
VERSION='1.2.4'
WANT_JANSSON_FALSE=''
WANT_JANSSON_TRUE='#'
WS2_LIBS=''
ac_ct_CC='gcc'
ac_ct_CXX='g++'
am__EXEEXT_FALSE=''
am__EXEEXT_TRUE='#'
am__fastdepCCAS_FALSE='#'
am__fastdepCCAS_TRUE=''
am__fastdepCC_FALSE='#'
am__fastdepCC_TRUE=''
am__fastdepCXX_FALSE='#'
am__fastdepCXX_TRUE=''
am__include='include'
am__isrc=''
am__leading_dot='.'
am__nodep='_no'
am__quote=''
am__tar='$${TAR-tar} chof - "$$tardir"'
am__untar='$${TAR-tar} xf -'
bindir='${exec_prefix}/bin'
build='x86_64-pc-linux-gnu'
build_alias=''
build_cpu='x86_64'
build_os='linux-gnu'
build_vendor='pc'
datadir='${datarootdir}'
datarootdir='${prefix}/share'
docdir='${datarootdir}/doc/${PACKAGE_TARNAME}'
dvidir='${docdir}'
exec_prefix='${prefix}'
host='x86_64-pc-linux-gnu'
host_alias=''
host_cpu='x86_64'
host_os='linux-gnu'
host_vendor='pc'
htmldir='${docdir}'
includedir='${prefix}/include'
infodir='${datarootdir}/info'
install_sh='${SHELL} /mining/gr/cpuminer-gr-avx2/install-sh'
libdir='${exec_prefix}/lib'
libexecdir='${exec_prefix}/libexec'
localedir='${datarootdir}/locale'
localstatedir='${prefix}/var'
mandir='${datarootdir}/man'
mkdir_p='$(MKDIR_P)'
oldincludedir='/usr/include'
pdfdir='${docdir}'
prefix='/usr/local'
program_transform_name='s,x,x,'
psdir='${docdir}'
runstatedir='${localstatedir}/run'
sbindir='${exec_prefix}/sbin'
sharedstatedir='${prefix}/com'
sysconfdir='${prefix}/etc'
target='x86_64-pc-linux-gnu'
target_alias=''
target_cpu='x86_64'
target_os='linux-gnu'
target_vendor='pc'

## ----------- ##
## confdefs.h. ##
## ----------- ##

/* confdefs.h */
#define PACKAGE_NAME "cpuminer-opt-gr"
#define PACKAGE_TARNAME "cpuminer-opt-gr"
#define PACKAGE_VERSION "1.2.4"
#define PACKAGE_STRING "cpuminer-opt-gr 1.2.4"
#define PACKAGE_BUGREPORT ""
#define PACKAGE_URL ""
#define PACKAGE "cpuminer-opt-gr"
#define VERSION "1.2.4"
#define STDC_HEADERS 1
#define HAVE_SYS_TYPES_H 1
#define HAVE_SYS_STAT_H 1
#define HAVE_STDLIB_H 1
#define HAVE_STRING_H 1
#define HAVE_MEMORY_H 1
#define HAVE_STRINGS_H 1
#define HAVE_INTTYPES_H 1
#define HAVE_STDINT_H 1
#define HAVE_UNISTD_H 1
#define HAVE_SYS_PARAM_H 1
#define HAVE_SYSLOG_H 1
#define HAVE_SYS_SYSCTL_H 1
#define HAVE_DECL_BE32DEC 0
#define HAVE_DECL_LE32DEC 0
#define HAVE_DECL_BE32ENC 0
#define HAVE_DECL_LE32ENC 0
#define HAVE_DECL_LE16DEC 0
#define HAVE_DECL_LE16ENC 0
#define HAVE_ALLOCA_H 1
#define HAVE_ALLOCA 1
#define HAVE_GETOPT_LONG 1
#define USE_ASM 1
#define USE_AVX 1
#define USE_XOP 1
#define USE_AVX2 1
#define USE_INT128 1

configure: exit 0
